app/build/intermediates/manifest_merge_blame_file/release/manifest-merger-blame-release-report.txt
1<?xml version="1.0" encoding="utf-8"?>
2<manifest xmlns:android="http://schemas.android.com/apk/res/android"
3    package="com.example.covid19helper"
4    android:versionCode="1"
5    android:versionName="1.0" >
6
7    <uses-sdk
8        android:minSdkVersion="16"
8-->src\main\AndroidManifest.xml
9        android:targetSdkVersion="29" />
9-->src\main\AndroidManifest.xml
10    <!--
11         The ACCESS_COARSE/FINE_LOCATION permissions are not required to use
12         Google Maps Android API v2, but you must specify either coarse or fine
13         location permissions for the 'MyLocation' functionality.
14    -->
15    <uses-permission android:name="android.permission.ACCESS_FINE_LOCATION" />
15-->src\main\AndroidManifest.xml:9:5-79
15-->src\main\AndroidManifest.xml:9:22-76
16    <uses-permission android:name="android.permission.ACCESS_NETWORK_STATE" />
16-->src\main\AndroidManifest.xml:10:5-79
16-->src\main\AndroidManifest.xml:10:22-76
17    <uses-permission android:name="android.permission.INTERNET" />
17-->src\main\AndroidManifest.xml:11:5-67
17-->src\main\AndroidManifest.xml:11:22-64
18
19    <uses-feature
19-->[com.google.android.gms:play-services-maps:17.0.0] AndroidManifest.xml:26:5-28:35
20        android:glEsVersion="0x00020000"
20-->[com.google.android.gms:play-services-maps:17.0.0] AndroidManifest.xml:27:9-41
21        android:required="true" />
21-->[com.google.android.gms:play-services-maps:17.0.0] AndroidManifest.xml:28:9-32
22
23    <uses-permission android:name="android.permission.WAKE_LOCK" /> <!-- Required by older versions of Google Play services to create IID tokens -->
23-->[com.google.android.gms:play-services-measurement-api:17.3.0] AndroidManifest.xml:24:5-68
23-->[com.google.android.gms:play-services-measurement-api:17.3.0] AndroidManifest.xml:24:22-65
24    <uses-permission android:name="com.google.android.c2dm.permission.RECEIVE" />
24-->[com.google.firebase:firebase-iid:20.0.2] AndroidManifest.xml:26:5-82
24-->[com.google.firebase:firebase-iid:20.0.2] AndroidManifest.xml:26:22-79
25    <uses-permission android:name="com.google.android.finsky.permission.BIND_GET_INSTALL_REFERRER_SERVICE" />
25-->[com.google.android.gms:play-services-measurement:17.3.0] AndroidManifest.xml:26:5-110
25-->[com.google.android.gms:play-services-measurement:17.3.0] AndroidManifest.xml:26:22-107
26
27    <application
27-->src\main\AndroidManifest.xml:13:5-53:19
28        android:allowBackup="true"
28-->src\main\AndroidManifest.xml:14:9-35
29        android:appComponentFactory="androidx.core.app.CoreComponentFactory"
29-->[androidx.core:core:1.1.0] AndroidManifest.xml:24:18-86
30        android:icon="@drawable/covid19logo"
30-->src\main\AndroidManifest.xml:15:9-45
31        android:label="@string/app_name"
31-->src\main\AndroidManifest.xml:16:9-41
32        android:roundIcon="@mipmap/ic_launcher_round"
32-->src\main\AndroidManifest.xml:17:9-54
33        android:supportsRtl="true"
33-->src\main\AndroidManifest.xml:18:9-35
34        android:theme="@style/AppTheme" >
34-->src\main\AndroidManifest.xml:19:9-40
35        <activity android:name="com.example.covid19helper.donate" />
35-->src\main\AndroidManifest.xml:20:9-53
35-->src\main\AndroidManifest.xml:20:19-41
36        <activity android:name="com.example.covid19helper.news" />
36-->src\main\AndroidManifest.xml:21:9-42
36-->src\main\AndroidManifest.xml:21:19-39
37        <activity android:name="com.example.covid19helper.helpseekafteractivity" />
37-->src\main\AndroidManifest.xml:22:9-59
37-->src\main\AndroidManifest.xml:22:19-56
38        <activity android:name="com.example.covid19helper.authenticatedhelpers" />
38-->src\main\AndroidManifest.xml:23:9-58
38-->src\main\AndroidManifest.xml:23:19-55
39        <activity android:name="com.example.covid19helper.aboutapp" />
39-->src\main\AndroidManifest.xml:24:9-46
39-->src\main\AndroidManifest.xml:24:19-43
40        <activity android:name="com.example.covid19helper.Authenticatedhelpersnumber" />
40-->src\main\AndroidManifest.xml:25:9-64
40-->src\main\AndroidManifest.xml:25:19-61
41        <activity android:name="com.example.covid19helper.govthelplinenumbers" />
41-->src\main\AndroidManifest.xml:26:9-57
41-->src\main\AndroidManifest.xml:26:19-54
42        <activity android:name="com.example.covid19helper.helper" />
42-->src\main\AndroidManifest.xml:27:9-44
42-->src\main\AndroidManifest.xml:27:19-41
43        <activity android:name="com.example.covid19helper.helpseek" />
43-->src\main\AndroidManifest.xml:28:9-46
43-->src\main\AndroidManifest.xml:28:19-43
44        <activity android:name="com.example.covid19helper.helpseekcity" />
44-->src\main\AndroidManifest.xml:29:9-50
44-->src\main\AndroidManifest.xml:29:19-47
45        <activity android:name="com.example.covid19helper.helpseekerregistration" />
45-->src\main\AndroidManifest.xml:30:9-60
45-->src\main\AndroidManifest.xml:30:19-57
46        <!--
47             The API key for Google Maps-based APIs is defined as a string resource.
48             (See the file "res/values/google_maps_api.xml").
49             Note that the API key is linked to the encryption key used to sign the APK.
50             You need a different API key for each encryption key, including the release key that is used to
51             sign the APK for publishing.
52             You can define the keys for the debug and release targets in src/debug/ and src/release/.
53        -->
54        <meta-data
54-->src\main\AndroidManifest.xml:39:9-41:55
55            android:name="com.google.android.geo.API_KEY"
55-->src\main\AndroidManifest.xml:40:13-58
56            android:value="@string/google_maps_key" />
56-->src\main\AndroidManifest.xml:41:13-52
57
58        <activity
58-->src\main\AndroidManifest.xml:43:9-45:68
59            android:name="com.example.covid19helper.helpseekermap"
59-->src\main\AndroidManifest.xml:44:13-42
60            android:label="@string/title_activity_helpseekermap" />
60-->src\main\AndroidManifest.xml:45:13-65
61        <activity android:name="com.example.covid19helper.MainActivity" >
61-->src\main\AndroidManifest.xml:46:9-52:20
61-->src\main\AndroidManifest.xml:46:19-47
62            <intent-filter>
62-->src\main\AndroidManifest.xml:47:13-51:29
63                <action android:name="android.intent.action.MAIN" />
63-->src\main\AndroidManifest.xml:48:17-69
63-->src\main\AndroidManifest.xml:48:25-66
64
65                <category android:name="android.intent.category.LAUNCHER" />
65-->src\main\AndroidManifest.xml:50:17-77
65-->src\main\AndroidManifest.xml:50:27-74
66            </intent-filter>
67        </activity>
68        <!-- Needs to be explicitly declared on P+ -->
69        <uses-library
69-->[com.google.android.gms:play-services-maps:17.0.0] AndroidManifest.xml:33:9-35:40
70            android:name="org.apache.http.legacy"
70-->[com.google.android.gms:play-services-maps:17.0.0] AndroidManifest.xml:34:13-50
71            android:required="false" />
71-->[com.google.android.gms:play-services-maps:17.0.0] AndroidManifest.xml:35:13-37
72
73        <activity
73-->[com.google.firebase:firebase-auth:19.3.0] AndroidManifest.xml:24:9-31:50
74            android:name="com.google.firebase.auth.internal.FederatedSignInActivity"
74-->[com.google.firebase:firebase-auth:19.3.0] AndroidManifest.xml:25:13-85
75            android:excludeFromRecents="true"
75-->[com.google.firebase:firebase-auth:19.3.0] AndroidManifest.xml:26:13-46
76            android:exported="true"
76-->[com.google.firebase:firebase-auth:19.3.0] AndroidManifest.xml:27:13-36
77            android:launchMode="singleTask"
77-->[com.google.firebase:firebase-auth:19.3.0] AndroidManifest.xml:28:13-44
78            android:permission="com.google.firebase.auth.api.gms.permission.LAUNCH_FEDERATED_SIGN_IN"
78-->[com.google.firebase:firebase-auth:19.3.0] AndroidManifest.xml:29:13-102
79            android:theme="@android:style/Theme.Translucent.NoTitleBar" />
79-->[com.google.firebase:firebase-auth:19.3.0] AndroidManifest.xml:30:13-72
80
81        <service
81-->[com.google.firebase:firebase-auth:19.3.0] AndroidManifest.xml:33:9-39:19
82            android:name="com.google.firebase.components.ComponentDiscoveryService"
82-->[com.google.firebase:firebase-auth:19.3.0] AndroidManifest.xml:34:13-84
83            android:directBootAware="true"
83-->[com.google.firebase:firebase-common:19.3.0] AndroidManifest.xml:34:13-43
84            android:exported="false" >
84-->[com.google.firebase:firebase-auth:19.3.0] AndroidManifest.xml:35:13-37
85            <meta-data
85-->[com.google.firebase:firebase-auth:19.3.0] AndroidManifest.xml:36:13-38:85
86                android:name="com.google.firebase.components:com.google.firebase.auth.FirebaseAuthRegistrar"
86-->[com.google.firebase:firebase-auth:19.3.0] AndroidManifest.xml:37:17-109
87                android:value="com.google.firebase.components.ComponentRegistrar" />
87-->[com.google.firebase:firebase-auth:19.3.0] AndroidManifest.xml:38:17-82
88            <meta-data
88-->[com.google.firebase:firebase-database:19.2.1] AndroidManifest.xml:32:13-34:85
89                android:name="com.google.firebase.components:com.google.firebase.database.DatabaseRegistrar"
89-->[com.google.firebase:firebase-database:19.2.1] AndroidManifest.xml:33:17-109
90                android:value="com.google.firebase.components.ComponentRegistrar" />
90-->[com.google.firebase:firebase-database:19.2.1] AndroidManifest.xml:34:17-82
91            <meta-data
91-->[com.google.firebase:firebase-storage:19.1.1] AndroidManifest.xml:33:13-35:85
92                android:name="com.google.firebase.components:com.google.firebase.storage.StorageRegistrar"
92-->[com.google.firebase:firebase-storage:19.1.1] AndroidManifest.xml:34:17-107
93                android:value="com.google.firebase.components.ComponentRegistrar" />
93-->[com.google.firebase:firebase-storage:19.1.1] AndroidManifest.xml:35:17-82
94            <meta-data
94-->[com.google.android.gms:play-services-measurement-api:17.3.0] AndroidManifest.xml:30:13-32:85
95                android:name="com.google.firebase.components:com.google.firebase.analytics.connector.internal.AnalyticsConnectorRegistrar"
95-->[com.google.android.gms:play-services-measurement-api:17.3.0] AndroidManifest.xml:31:17-139
96                android:value="com.google.firebase.components.ComponentRegistrar" />
96-->[com.google.android.gms:play-services-measurement-api:17.3.0] AndroidManifest.xml:32:17-82
97            <meta-data
97-->[com.google.firebase:firebase-iid:20.0.2] AndroidManifest.xml:32:13-34:85
98                android:name="com.google.firebase.components:com.google.firebase.iid.Registrar"
98-->[com.google.firebase:firebase-iid:20.0.2] AndroidManifest.xml:33:17-96
99                android:value="com.google.firebase.components.ComponentRegistrar" />
99-->[com.google.firebase:firebase-iid:20.0.2] AndroidManifest.xml:34:17-82
100        </service>
101
102        <receiver
102-->[com.google.firebase:firebase-iid:20.0.2] AndroidManifest.xml:37:9-44:20
103            android:name="com.google.firebase.iid.FirebaseInstanceIdReceiver"
103-->[com.google.firebase:firebase-iid:20.0.2] AndroidManifest.xml:38:13-78
104            android:exported="true"
104-->[com.google.firebase:firebase-iid:20.0.2] AndroidManifest.xml:39:13-36
105            android:permission="com.google.android.c2dm.permission.SEND" >
105-->[com.google.firebase:firebase-iid:20.0.2] AndroidManifest.xml:40:13-73
106            <intent-filter>
106-->[com.google.firebase:firebase-iid:20.0.2] AndroidManifest.xml:41:13-43:29
107                <action android:name="com.google.android.c2dm.intent.RECEIVE" />
107-->[com.google.firebase:firebase-iid:20.0.2] AndroidManifest.xml:42:17-81
107-->[com.google.firebase:firebase-iid:20.0.2] AndroidManifest.xml:42:25-78
108            </intent-filter>
109        </receiver>
110
111        <activity
111-->[com.google.android.gms:play-services-base:17.1.0] AndroidManifest.xml:23:9-26:75
112            android:name="com.google.android.gms.common.api.GoogleApiActivity"
112-->[com.google.android.gms:play-services-base:17.1.0] AndroidManifest.xml:24:13-79
113            android:exported="false"
113-->[com.google.android.gms:play-services-base:17.1.0] AndroidManifest.xml:25:13-37
114            android:theme="@android:style/Theme.Translucent.NoTitleBar" />
114-->[com.google.android.gms:play-services-base:17.1.0] AndroidManifest.xml:26:13-72
115
116        <provider
116-->[com.google.firebase:firebase-common:19.3.0] AndroidManifest.xml:26:9-30:39
117            android:name="com.google.firebase.provider.FirebaseInitProvider"
117-->[com.google.firebase:firebase-common:19.3.0] AndroidManifest.xml:27:13-77
118            android:authorities="com.example.covid19helper.firebaseinitprovider"
118-->[com.google.firebase:firebase-common:19.3.0] AndroidManifest.xml:28:13-72
119            android:exported="false"
119-->[com.google.firebase:firebase-common:19.3.0] AndroidManifest.xml:29:13-37
120            android:initOrder="100" />
120-->[com.google.firebase:firebase-common:19.3.0] AndroidManifest.xml:30:13-36
121
122        <receiver
122-->[com.google.android.gms:play-services-measurement:17.3.0] AndroidManifest.xml:29:9-33:20
123            android:name="com.google.android.gms.measurement.AppMeasurementReceiver"
123-->[com.google.android.gms:play-services-measurement:17.3.0] AndroidManifest.xml:30:13-85
124            android:enabled="true"
124-->[com.google.android.gms:play-services-measurement:17.3.0] AndroidManifest.xml:31:13-35
125            android:exported="false" >
125-->[com.google.android.gms:play-services-measurement:17.3.0] AndroidManifest.xml:32:13-37
126        </receiver>
127        <receiver
127-->[com.google.android.gms:play-services-measurement:17.3.0] AndroidManifest.xml:34:9-42:20
128            android:name="com.google.android.gms.measurement.AppMeasurementInstallReferrerReceiver"
128-->[com.google.android.gms:play-services-measurement:17.3.0] AndroidManifest.xml:35:13-100
129            android:enabled="true"
129-->[com.google.android.gms:play-services-measurement:17.3.0] AndroidManifest.xml:36:13-35
130            android:exported="true"
130-->[com.google.android.gms:play-services-measurement:17.3.0] AndroidManifest.xml:37:13-36
131            android:permission="android.permission.INSTALL_PACKAGES" >
131-->[com.google.android.gms:play-services-measurement:17.3.0] AndroidManifest.xml:38:13-69
132            <intent-filter>
132-->[com.google.android.gms:play-services-measurement:17.3.0] AndroidManifest.xml:39:13-41:29
133                <action android:name="com.android.vending.INSTALL_REFERRER" />
133-->[com.google.android.gms:play-services-measurement:17.3.0] AndroidManifest.xml:40:17-79
133-->[com.google.android.gms:play-services-measurement:17.3.0] AndroidManifest.xml:40:25-76
134            </intent-filter>
135        </receiver>
136
137        <service
137-->[com.google.android.gms:play-services-measurement:17.3.0] AndroidManifest.xml:44:9-47:40
138            android:name="com.google.android.gms.measurement.AppMeasurementService"
138-->[com.google.android.gms:play-services-measurement:17.3.0] AndroidManifest.xml:45:13-84
139            android:enabled="true"
139-->[com.google.android.gms:play-services-measurement:17.3.0] AndroidManifest.xml:46:13-35
140            android:exported="false" />
140-->[com.google.android.gms:play-services-measurement:17.3.0] AndroidManifest.xml:47:13-37
141        <service
141-->[com.google.android.gms:play-services-measurement:17.3.0] AndroidManifest.xml:48:9-52:72
142            android:name="com.google.android.gms.measurement.AppMeasurementJobService"
142-->[com.google.android.gms:play-services-measurement:17.3.0] AndroidManifest.xml:49:13-87
143            android:enabled="true"
143-->[com.google.android.gms:play-services-measurement:17.3.0] AndroidManifest.xml:50:13-35
144            android:exported="false"
144-->[com.google.android.gms:play-services-measurement:17.3.0] AndroidManifest.xml:51:13-37
145            android:permission="android.permission.BIND_JOB_SERVICE" />
145-->[com.google.android.gms:play-services-measurement:17.3.0] AndroidManifest.xml:52:13-69
146
147        <meta-data
147-->[com.google.android.gms:play-services-basement:17.0.0] AndroidManifest.xml:23:9-25:69
148            android:name="com.google.android.gms.version"
148-->[com.google.android.gms:play-services-basement:17.0.0] AndroidManifest.xml:24:13-58
149            android:value="@integer/google_play_services_version" />
149-->[com.google.android.gms:play-services-basement:17.0.0] AndroidManifest.xml:25:13-66
150    </application>
151
152</manifest>